TN:
SF:src/EconomyFix.js
FN:20,createEconomyFix
FN:35,(anonymous_1)
FN:70,(anonymous_2)
FN:102,(anonymous_3)
FN:129,(anonymous_4)
FN:141,(anonymous_5)
FN:157,(anonymous_6)
FN:192,(anonymous_7)
FN:212,getEconomyFix
FNF:9
FNH:6
FNDA:11,createEconomyFix
FNDA:3,(anonymous_1)
FNDA:2,(anonymous_2)
FNDA:2,(anonymous_3)
FNDA:2,(anonymous_4)
FNDA:0,(anonymous_5)
FNDA:0,(anonymous_6)
FNDA:1,(anonymous_7)
FNDA:0,getEconomyFix
DA:21,11
DA:22,1
DA:25,10
DA:36,3
DA:43,3
DA:44,1
DA:52,2
DA:53,2
DA:71,2
DA:78,2
DA:79,0
DA:86,2
DA:87,2
DA:103,2
DA:107,2
DA:108,0
DA:111,2
DA:112,2
DA:131,2
DA:132,2
DA:134,2
DA:135,2
DA:137,2
DA:142,0
DA:147,0
DA:148,0
DA:151,0
DA:158,0
DA:159,0
DA:165,0
DA:166,0
DA:167,0
DA:173,0
DA:182,0
DA:186,0
DA:193,1
DA:204,1
DA:213,0
DA:214,0
DA:215,0
DA:217,0
DA:219,0
LF:42
LH:23
BRDA:21,0,0,1
BRDA:21,0,1,10
BRDA:35,1,0,2
BRDA:39,2,0,3
BRDA:39,2,1,2
BRDA:40,3,0,3
BRDA:40,3,1,2
BRDA:43,4,0,1
BRDA:43,4,1,2
BRDA:52,5,0,0
BRDA:52,5,1,2
BRDA:55,6,0,2
BRDA:55,6,1,0
BRDA:70,7,0,2
BRDA:74,8,0,2
BRDA:74,8,1,2
BRDA:75,9,0,2
BRDA:75,9,1,2
BRDA:78,10,0,0
BRDA:78,10,1,2
BRDA:86,11,0,0
BRDA:86,11,1,2
BRDA:89,12,0,1
BRDA:89,12,1,1
BRDA:107,13,0,0
BRDA:107,13,1,2
BRDA:111,14,0,0
BRDA:111,14,1,2
BRDA:147,15,0,0
BRDA:147,15,1,0
BRDA:157,16,0,0
BRDA:158,17,0,0
BRDA:158,17,1,0
BRDA:165,18,0,0
BRDA:165,18,1,0
BRDA:182,19,0,0
BRDA:182,19,1,0
BRDA:213,20,0,0
BRDA:213,20,1,0
BRDA:214,21,0,0
BRDA:214,21,1,0
BRF:41
BRH:22
end_of_record
TN:
SF:src/engines/DiamondMintEngine.js
FN:40,(anonymous_0)
FN:77,(anonymous_1)
FN:94,(anonymous_2)
FN:112,(anonymous_3)
FN:142,(anonymous_4)
FN:145,(anonymous_5)
FNF:6
FNH:6
FNDA:18,(anonymous_0)
FNDA:33,(anonymous_1)
FNDA:5,(anonymous_2)
FNDA:4,(anonymous_3)
FNDA:6,(anonymous_4)
FNDA:22,(anonymous_5)
DA:14,2
DA:42,18
DA:43,1
DA:45,17
DA:46,1
DA:50,17
DA:51,17
DA:54,17
DA:55,17
DA:56,17
DA:58,17
DA:78,33
DA:79,110
DA:80,33
DA:84,0
DA:95,5
DA:96,5
DA:97,5
DA:99,5
DA:113,4
DA:116,4
DA:117,4
DA:120,4
DA:121,4
DA:124,4
DA:126,4
DA:143,6
DA:144,6
DA:145,22
DA:147,6
DA:148,1
DA:151,5
DA:152,5
DA:154,5
LF:34
LH:33
BRDA:40,0,0,0
BRDA:42,1,0,1
BRDA:42,1,1,17
BRDA:42,2,0,18
BRDA:42,2,1,18
BRDA:45,3,0,1
BRDA:45,3,1,16
BRDA:45,4,0,17
BRDA:45,4,1,17
BRDA:79,5,0,33
BRDA:79,5,1,77
BRDA:79,6,0,110
BRDA:79,6,1,110
BRDA:112,7,0,0
BRDA:113,8,0,0
BRDA:113,9,0,0
BRDA:147,10,0,1
BRDA:147,10,1,5
BRDA:157,11,0,4
BRDA:157,11,1,1
BRF:20
BRH:16
end_of_record
TN:
SF:src/engines/RewardCalculator.js
FN:44,(anonymous_0)
FN:61,(anonymous_1)
FN:117,(anonymous_2)
FN:125,(anonymous_3)
FN:140,(anonymous_4)
FN:159,(anonymous_5)
FN:260,(anonymous_6)
FN:289,(anonymous_7)
FN:302,(anonymous_8)
FN:303,(anonymous_9)
FN:319,(anonymous_10)
FNF:11
FNH:11
FNDA:15,(anonymous_0)
FNDA:4,(anonymous_1)
FNDA:36,(anonymous_2)
FNDA:130,(anonymous_3)
FNDA:4,(anonymous_4)
FNDA:14,(anonymous_5)
FNDA:1,(anonymous_6)
FNDA:1,(anonymous_7)
FNDA:1,(anonymous_8)
FNDA:5,(anonymous_9)
FNDA:1,(anonymous_10)
DA:21,2
DA:45,15
DA:46,15
DA:47,15
DA:62,4
DA:63,1
DA:67,3
DA:68,0
DA:71,3
DA:73,3
DA:79,3
DA:80,2
DA:81,2
DA:82,2
DA:86,1
DA:92,1
DA:93,1
DA:94,1
DA:95,1
DA:99,0
DA:102,0
DA:103,0
DA:118,36
DA:120,36
DA:121,101
DA:122,36
DA:125,130
DA:131,0
DA:141,4
DA:164,14
DA:170,14
DA:172,14
DA:173,2
DA:189,12
DA:190,12
DA:193,12
DA:196,12
DA:199,12
DA:200,12
DA:201,12
DA:203,12
DA:262,1
DA:265,1
DA:267,1
DA:290,1
DA:303,5
DA:320,1
DA:322,1
DA:323,0
DA:331,1
DA:332,1
DA:336,1
LF:52
LH:46
BRDA:44,0,0,0
BRDA:62,1,0,1
BRDA:62,1,1,3
BRDA:67,2,0,0
BRDA:67,2,1,3
BRDA:67,3,0,3
BRDA:67,3,1,0
BRDA:79,4,0,2
BRDA:79,4,1,1
BRDA:79,5,0,3
BRDA:79,5,1,2
BRDA:92,6,0,1
BRDA:92,6,1,0
BRDA:92,7,0,1
BRDA:92,7,1,1
BRDA:93,8,0,1
BRDA:93,8,1,0
BRDA:95,9,0,1
BRDA:95,9,1,0
BRDA:121,10,0,36
BRDA:121,10,1,65
BRDA:121,11,0,101
BRDA:121,11,1,101
BRDA:125,12,0,36
BRDA:125,12,1,7
BRDA:159,13,0,0
BRDA:161,14,0,0
BRDA:162,15,0,11
BRDA:163,16,0,0
BRDA:172,17,0,2
BRDA:172,17,1,12
BRDA:232,18,0,11
BRDA:232,18,1,1
BRDA:289,19,0,0
BRDA:306,20,0,1
BRDA:306,20,1,4
BRDA:322,21,0,0
BRDA:322,21,1,1
BRDA:332,22,0,0
BRDA:332,22,1,1
BRDA:344,23,0,1
BRDA:344,23,1,0
BRF:42
BRH:29
end_of_record
TN:
SF:src/engines/StreakBonusEngine.js
FN:31,(anonymous_0)
FN:48,(anonymous_1)
FN:74,(anonymous_2)
FN:105,(anonymous_3)
FN:161,(anonymous_4)
FN:197,(anonymous_5)
FN:247,(anonymous_6)
FN:270,(anonymous_7)
FN:273,(anonymous_8)
FNF:9
FNH:7
FNDA:15,(anonymous_0)
FNDA:0,(anonymous_1)
FNDA:22,(anonymous_2)
FNDA:1,(anonymous_3)
FNDA:0,(anonymous_4)
FNDA:1,(anonymous_5)
FNDA:4,(anonymous_6)
FNDA:3,(anonymous_7)
FNDA:15,(anonymous_8)
DA:13,1
DA:32,15
DA:33,0
DA:35,15
DA:49,0
DA:53,0
DA:55,0
DA:58,0
DA:59,0
DA:75,22
DA:76,80
DA:78,80
DA:79,22
DA:88,0
DA:106,1
DA:113,1
DA:114,0
DA:121,1
DA:123,1
DA:124,0
DA:131,1
DA:162,0
DA:166,0
DA:167,0
DA:173,0
DA:175,0
DA:198,1
DA:203,1
DA:204,0
DA:211,1
DA:213,1
DA:214,0
DA:221,1
DA:248,4
DA:249,4
DA:250,4
DA:252,4
DA:271,3
DA:272,3
DA:273,15
DA:275,3
DA:276,12
DA:277,2
DA:288,1
LF:44
LH:28
BRDA:32,0,0,0
BRDA:32,0,1,15
BRDA:53,1,0,0
BRDA:53,1,1,0
BRDA:58,2,0,0
BRDA:58,2,1,0
BRDA:76,3,0,80
BRDA:76,3,1,80
BRDA:76,3,2,76
BRDA:78,4,0,22
BRDA:78,4,1,58
BRDA:105,5,0,0
BRDA:105,6,0,1
BRDA:113,7,0,0
BRDA:113,7,1,1
BRDA:121,8,0,0
BRDA:121,8,1,1
BRDA:123,9,0,0
BRDA:123,9,1,1
BRDA:166,10,0,0
BRDA:166,10,1,0
BRDA:173,11,0,0
BRDA:173,11,1,0
BRDA:197,12,0,0
BRDA:203,13,0,0
BRDA:203,13,1,1
BRDA:211,14,0,0
BRDA:211,14,1,1
BRDA:213,15,0,0
BRDA:213,15,1,1
BRDA:216,16,0,0
BRDA:216,16,1,0
BRDA:276,17,0,2
BRDA:276,17,1,10
BRF:34
BRH:15
end_of_record
TN:
SF:src/engines/YellowActiveLogicEngine.js
FN:56,(anonymous_0)
FN:74,(anonymous_1)
FN:118,(anonymous_2)
FN:150,(anonymous_3)
FN:184,(anonymous_4)
FN:207,(anonymous_5)
FN:227,(anonymous_6)
FN:265,(anonymous_7)
FN:282,(anonymous_8)
FN:333,(anonymous_9)
FN:377,(anonymous_10)
FN:416,(anonymous_11)
FNF:12
FNH:8
FNDA:5,(anonymous_0)
FNDA:0,(anonymous_1)
FNDA:0,(anonymous_2)
FNDA:5,(anonymous_3)
FNDA:1,(anonymous_4)
FNDA:0,(anonymous_5)
FNDA:8,(anonymous_6)
FNDA:1,(anonymous_7)
FNDA:2,(anonymous_8)
FNDA:7,(anonymous_9)
FNDA:3,(anonymous_10)
FNDA:0,(anonymous_11)
DA:19,1
DA:57,5
DA:58,1
DA:60,4
DA:75,0
DA:78,0
DA:81,0
DA:95,0
DA:96,0
DA:103,0
DA:119,0
DA:127,0
DA:128,0
DA:135,0
DA:151,5
DA:152,5
DA:155,5
DA:156,0
DA:159,5
DA:161,5
DA:185,1
DA:191,1
DA:193,0
DA:196,1
DA:197,1
DA:209,0
DA:215,0
DA:216,0
DA:228,8
DA:229,8
DA:232,8
DA:233,8
DA:234,23
DA:235,8
DA:236,8
DA:240,8
DA:241,8
DA:243,8
DA:266,1
DA:288,2
DA:291,2
DA:292,2
DA:293,1
DA:303,1
DA:312,1
DA:313,0
DA:321,1
DA:322,1
DA:335,7
DA:336,1
DA:344,6
DA:345,6
DA:346,5
DA:347,1
DA:356,4
DA:357,2
DA:366,3
DA:379,3
DA:380,1
DA:391,2
DA:393,2
DA:417,0
DA:422,0
DA:423,0
DA:426,0
LF:65
LH:45
BRDA:57,0,0,1
BRDA:57,0,1,4
BRDA:87,1,0,0
BRDA:87,1,1,0
BRDA:95,2,0,0
BRDA:95,2,1,0
BRDA:127,3,0,0
BRDA:127,3,1,0
BRDA:155,4,0,0
BRDA:155,4,1,5
BRDA:155,5,0,5
BRDA:155,5,1,1
BRDA:184,6,0,0
BRDA:191,7,0,0
BRDA:191,7,1,1
BRDA:196,8,0,0
BRDA:196,8,1,1
BRDA:215,9,0,0
BRDA:215,9,1,0
BRDA:215,10,0,0
BRDA:215,10,1,0
BRDA:234,11,0,8
BRDA:234,11,1,15
BRDA:282,12,0,0
BRDA:284,13,0,0
BRDA:285,14,0,2
BRDA:286,15,0,0
BRDA:287,16,0,2
BRDA:292,17,0,1
BRDA:292,17,1,1
BRDA:312,18,0,0
BRDA:312,18,1,1
BRDA:321,19,0,0
BRDA:321,19,1,1
BRDA:335,20,0,1
BRDA:335,20,1,6
BRDA:335,21,0,7
BRDA:335,21,1,7
BRDA:335,21,2,7
BRDA:345,22,0,5
BRDA:345,22,1,1
BRDA:346,23,0,1
BRDA:346,23,1,4
BRDA:346,24,0,5
BRDA:346,24,1,4
BRDA:356,25,0,2
BRDA:356,25,1,2
BRDA:377,26,0,0
BRDA:379,27,0,1
BRDA:379,27,1,2
BRDA:422,28,0,0
BRDA:422,28,1,0
BRF:52
BRH:30
end_of_record
TN:
SF:src/engines/YellowAddictionEngine.js
FN:53,(anonymous_0)
FN:71,(anonymous_1)
FN:91,(anonymous_2)
FN:105,(anonymous_3)
FN:139,(anonymous_4)
FN:157,(anonymous_5)
FN:187,(anonymous_6)
FN:193,(anonymous_7)
FN:244,(anonymous_8)
FN:266,(anonymous_9)
FN:278,(anonymous_10)
FN:288,(anonymous_11)
FN:290,(anonymous_12)
FN:291,(anonymous_13)
FN:310,(anonymous_14)
FN:330,(anonymous_15)
FN:366,(anonymous_16)
FN:380,(anonymous_17)
FN:403,(anonymous_18)
FNF:19
FNH:14
FNDA:9,(anonymous_0)
FNDA:1,(anonymous_1)
FNDA:8,(anonymous_2)
FNDA:38,(anonymous_3)
FNDA:2,(anonymous_4)
FNDA:1,(anonymous_5)
FNDA:3,(anonymous_6)
FNDA:18,(anonymous_7)
FNDA:1,(anonymous_8)
FNDA:0,(anonymous_9)
FNDA:0,(anonymous_10)
FNDA:2,(anonymous_11)
FNDA:12,(anonymous_12)
FNDA:7,(anonymous_13)
FNDA:1,(anonymous_14)
FNDA:0,(anonymous_15)
FNDA:4,(anonymous_16)
FNDA:0,(anonymous_17)
FNDA:0,(anonymous_18)
DA:19,1
DA:54,9
DA:55,1
DA:57,8
DA:72,1
DA:76,1
DA:78,0
DA:81,1
DA:82,1
DA:92,8
DA:93,8
DA:96,8
DA:97,8
DA:98,25
DA:99,8
DA:100,8
DA:105,38
DA:108,8
DA:112,8
DA:140,2
DA:141,2
DA:158,1
DA:165,1
DA:167,0
DA:170,1
DA:173,1
DA:174,1
DA:177,1
DA:188,3
DA:189,3
DA:190,3
DA:193,3
DA:194,18
DA:200,3
DA:201,3
DA:202,2
DA:203,2
DA:204,2
DA:207,2
DA:228,1
DA:245,1
DA:247,1
DA:267,0
DA:274,0
DA:278,0
DA:289,2
DA:290,12
DA:291,7
DA:311,1
DA:313,1
DA:314,0
DA:321,1
DA:322,1
DA:331,0
DA:337,0
DA:338,0
DA:341,0
DA:367,4
DA:368,4
DA:369,3
DA:370,2
DA:371,1
DA:381,0
DA:387,0
DA:404,0
DA:409,0
DA:410,0
DA:413,0
LF:68
LH:52
BRDA:54,0,0,1
BRDA:54,0,1,8
BRDA:76,1,0,0
BRDA:76,1,1,1
BRDA:81,2,0,0
BRDA:81,2,1,1
BRDA:98,3,0,8
BRDA:98,3,1,17
BRDA:105,4,0,8
BRDA:105,4,1,1
BRDA:108,5,0,7
BRDA:108,5,1,1
BRDA:125,6,0,8
BRDA:125,6,1,1
BRDA:126,7,0,8
BRDA:126,7,1,1
BRDA:127,8,0,7
BRDA:127,8,1,1
BRDA:157,9,0,0
BRDA:157,10,0,1
BRDA:165,11,0,0
BRDA:165,11,1,1
BRDA:170,12,0,0
BRDA:170,12,1,1
BRDA:173,13,0,1
BRDA:173,13,1,0
BRDA:173,14,0,1
BRDA:173,14,1,1
BRDA:187,15,0,0
BRDA:194,16,0,18
BRDA:194,16,1,7
BRDA:194,16,2,2
BRDA:194,16,3,7
BRDA:194,16,4,1
BRDA:203,17,0,2
BRDA:203,17,1,0
BRDA:231,18,0,1
BRDA:231,18,1,0
BRDA:245,19,0,0
BRDA:245,19,1,1
BRDA:245,20,0,1
BRDA:245,20,1,1
BRDA:276,21,0,0
BRDA:276,21,1,0
BRDA:277,22,0,0
BRDA:277,22,1,0
BRDA:278,23,0,0
BRDA:278,23,1,0
BRDA:313,24,0,0
BRDA:313,24,1,1
BRDA:321,25,0,0
BRDA:321,25,1,1
BRDA:337,26,0,0
BRDA:337,26,1,0
BRDA:368,27,0,1
BRDA:368,27,1,3
BRDA:369,28,0,1
BRDA:369,28,1,2
BRDA:370,29,0,1
BRDA:370,29,1,1
BRDA:380,30,0,0
BRDA:389,31,0,0
BRDA:389,31,1,0
BRDA:390,32,0,0
BRDA:390,32,1,0
BRDA:409,33,0,0
BRDA:409,33,1,0
BRF:67
BRH:40
end_of_record
TN:
SF:src/engines/YellowFoundationEngine.js
FN:53,(anonymous_0)
FN:74,(anonymous_1)
FN:103,(anonymous_2)
FN:129,(anonymous_3)
FN:163,(anonymous_4)
FN:190,(anonymous_5)
FN:215,(anonymous_6)
FN:247,(anonymous_7)
FN:264,(anonymous_8)
FN:278,(anonymous_9)
FN:309,(anonymous_10)
FN:323,(anonymous_11)
FN:343,(anonymous_12)
FN:344,(anonymous_13)
FN:360,(anonymous_14)
FN:385,(anonymous_15)
FNF:16
FNH:9
FNDA:5,(anonymous_0)
FNDA:2,(anonymous_1)
FNDA:0,(anonymous_2)
FNDA:0,(anonymous_3)
FNDA:1,(anonymous_4)
FNDA:3,(anonymous_5)
FNDA:0,(anonymous_6)
FNDA:0,(anonymous_7)
FNDA:0,(anonymous_8)
FNDA:0,(anonymous_9)
FNDA:11,(anonymous_10)
FNDA:42,(anonymous_11)
FNDA:1,(anonymous_12)
FNDA:5,(anonymous_13)
FNDA:4,(anonymous_14)
FNDA:0,(anonymous_15)
DA:19,1
DA:54,5
DA:55,1
DA:57,4
DA:75,2
DA:84,2
DA:85,0
DA:92,2
DA:93,2
DA:104,0
DA:111,0
DA:112,0
DA:115,0
DA:130,0
DA:138,0
DA:139,0
DA:142,0
DA:164,1
DA:171,1
DA:172,0
DA:179,1
DA:180,1
DA:191,3
DA:192,3
DA:195,3
DA:196,0
DA:199,3
DA:201,3
DA:216,0
DA:222,0
DA:223,0
DA:226,0
DA:248,0
DA:255,0
DA:256,0
DA:259,0
DA:264,0
DA:279,0
DA:283,0
DA:285,0
DA:288,0
DA:289,0
DA:310,11
DA:311,11
DA:314,11
DA:315,11
DA:316,34
DA:317,11
DA:318,11
DA:323,42
DA:325,11
DA:344,5
DA:361,4
DA:362,4
DA:363,4
DA:365,4
DA:386,0
DA:391,0
DA:392,0
DA:395,0
LF:60
LH:31
BRDA:54,0,0,1
BRDA:54,0,1,4
BRDA:74,1,0,2
BRDA:79,2,0,2
BRDA:79,2,1,2
BRDA:80,3,0,2
BRDA:80,3,1,2
BRDA:81,4,0,2
BRDA:81,4,1,2
BRDA:84,5,0,0
BRDA:84,5,1,2
BRDA:92,6,0,0
BRDA:92,6,1,2
BRDA:103,7,0,0
BRDA:111,8,0,0
BRDA:111,8,1,0
BRDA:118,9,0,0
BRDA:118,9,1,0
BRDA:119,10,0,0
BRDA:119,10,1,0
BRDA:138,11,0,0
BRDA:138,11,1,0
BRDA:138,12,0,0
BRDA:138,12,1,0
BRDA:163,13,0,0
BRDA:171,14,0,0
BRDA:171,14,1,1
BRDA:179,15,0,0
BRDA:179,15,1,1
BRDA:195,16,0,0
BRDA:195,16,1,3
BRDA:195,17,0,3
BRDA:195,17,1,0
BRDA:222,18,0,0
BRDA:222,18,1,0
BRDA:247,19,0,0
BRDA:255,20,0,0
BRDA:255,20,1,0
BRDA:262,21,0,0
BRDA:262,21,1,0
BRDA:263,22,0,0
BRDA:263,22,1,0
BRDA:264,23,0,0
BRDA:264,23,1,0
BRDA:283,24,0,0
BRDA:283,24,1,0
BRDA:288,25,0,0
BRDA:288,25,1,0
BRDA:316,26,0,11
BRDA:316,26,1,23
BRDA:316,27,0,34
BRDA:316,27,1,34
BRDA:316,27,2,31
BRDA:323,28,0,11
BRDA:323,28,1,3
BRDA:331,29,0,11
BRDA:331,29,1,3
BRDA:332,30,0,11
BRDA:332,30,1,3
BRDA:333,31,0,8
BRDA:333,31,1,3
BRDA:347,32,0,1
BRDA:347,32,1,4
BRDA:391,33,0,0
BRDA:391,33,1,0
BRF:65
BRH:30
end_of_record
TN:
SF:src/engines/YellowMasterBusEngine.js
FN:53,(anonymous_0)
FN:71,(anonymous_1)
FN:101,(anonymous_2)
FN:131,(anonymous_3)
FN:154,(anonymous_4)
FN:192,(anonymous_5)
FN:229,(anonymous_6)
FN:252,(anonymous_7)
FN:292,(anonymous_8)
FN:335,(anonymous_9)
FN:362,(anonymous_10)
FN:397,(anonymous_11)
FN:428,(anonymous_12)
FNF:13
FNH:9
FNDA:9,(anonymous_0)
FNDA:1,(anonymous_1)
FNDA:3,(anonymous_2)
FNDA:5,(anonymous_3)
FNDA:1,(anonymous_4)
FNDA:0,(anonymous_5)
FNDA:1,(anonymous_6)
FNDA:0,(anonymous_7)
FNDA:2,(anonymous_8)
FNDA:5,(anonymous_9)
FNDA:2,(anonymous_10)
FNDA:0,(anonymous_11)
FNDA:0,(anonymous_12)
DA:19,1
DA:54,9
DA:55,1
DA:57,8
DA:72,1
DA:74,1
DA:83,1
DA:84,0
DA:91,1
DA:92,1
DA:102,3
DA:103,3
DA:105,3
DA:106,0
DA:109,3
DA:111,3
DA:132,5
DA:136,5
DA:137,0
DA:144,5
DA:145,5
DA:155,1
DA:156,1
DA:157,1
DA:159,1
DA:160,3
DA:161,3
DA:167,3
DA:168,2
DA:170,1
DA:174,1
DA:194,0
DA:200,0
DA:201,0
DA:208,0
DA:209,0
DA:230,1
DA:236,1
DA:238,0
DA:241,1
DA:242,1
DA:254,0
DA:260,0
DA:261,0
DA:263,0
DA:293,2
DA:296,2
DA:297,1
DA:307,1
DA:316,1
DA:317,0
DA:324,1
DA:325,1
DA:336,5
DA:337,5
DA:339,5
DA:340,1
DA:341,4
DA:342,0
DA:343,4
DA:344,2
DA:345,2
DA:346,1
DA:347,1
DA:348,0
DA:350,1
DA:364,2
DA:365,1
DA:373,1
DA:374,1
DA:376,1
DA:398,0
DA:403,0
DA:404,0
DA:407,0
DA:429,0
DA:435,0
DA:436,0
DA:439,0
DA:441,0
LF:80
LH:55
BRDA:54,0,0,1
BRDA:54,0,1,8
BRDA:78,1,0,1
BRDA:78,1,1,1
BRDA:79,2,0,1
BRDA:79,2,1,1
BRDA:80,3,0,1
BRDA:80,3,1,1
BRDA:83,4,0,0
BRDA:83,4,1,1
BRDA:91,5,0,0
BRDA:91,5,1,1
BRDA:105,6,0,0
BRDA:105,6,1,3
BRDA:105,7,0,3
BRDA:105,7,1,0
BRDA:136,8,0,0
BRDA:136,8,1,5
BRDA:144,9,0,0
BRDA:144,9,1,5
BRDA:167,10,0,2
BRDA:167,10,1,1
BRDA:200,11,0,0
BRDA:200,11,1,0
BRDA:200,12,0,0
BRDA:200,12,1,0
BRDA:229,13,0,1
BRDA:236,14,0,0
BRDA:236,14,1,1
BRDA:241,15,0,0
BRDA:241,15,1,1
BRDA:260,16,0,0
BRDA:260,16,1,0
BRDA:260,17,0,0
BRDA:260,17,1,0
BRDA:292,18,0,2
BRDA:293,19,0,2
BRDA:293,20,0,2
BRDA:293,21,0,2
BRDA:296,22,0,1
BRDA:296,22,1,1
BRDA:316,23,0,0
BRDA:316,23,1,1
BRDA:324,24,0,0
BRDA:324,24,1,1
BRDA:339,25,0,1
BRDA:339,25,1,4
BRDA:341,26,0,0
BRDA:341,26,1,4
BRDA:343,27,0,2
BRDA:343,27,1,2
BRDA:345,28,0,1
BRDA:345,28,1,1
BRDA:347,29,0,0
BRDA:347,29,1,1
BRDA:364,30,0,1
BRDA:364,30,1,1
BRDA:403,31,0,0
BRDA:403,31,1,0
BRDA:428,32,0,0
BRDA:428,33,0,0
BRDA:435,34,0,0
BRDA:435,34,1,0
BRDA:443,35,0,0
BRDA:443,35,1,0
BRDA:444,36,0,0
BRDA:444,36,1,0
BRF:67
BRH:37
end_of_record
TN:
SF:src/services/StreakRewardOracle.js
FN:47,(anonymous_0)
FN:67,(anonymous_1)
FN:160,(anonymous_2)
FN:191,(anonymous_3)
FN:223,(anonymous_4)
FN:232,(anonymous_5)
FN:233,(anonymous_6)
FN:246,(anonymous_7)
FN:254,(anonymous_8)
FN:261,(anonymous_9)
FN:278,(anonymous_10)
FNF:11
FNH:10
FNDA:12,(anonymous_0)
FNDA:12,(anonymous_1)
FNDA:2,(anonymous_2)
FNDA:2,(anonymous_3)
FNDA:1,(anonymous_4)
FNDA:1,(anonymous_5)
FNDA:5,(anonymous_6)
FNDA:12,(anonymous_7)
FNDA:11,(anonymous_8)
FNDA:1,(anonymous_9)
FNDA:0,(anonymous_10)
DA:21,1
DA:48,12
DA:49,1
DA:51,11
DA:52,11
DA:53,11
DA:69,12
DA:70,12
DA:71,1
DA:74,11
DA:80,11
DA:81,11
DA:87,11
DA:88,9
DA:98,0
DA:105,11
DA:106,2
DA:107,2
DA:113,2
DA:114,1
DA:123,0
DA:128,11
DA:129,1
DA:138,11
DA:139,11
DA:140,11
DA:141,11
DA:144,11
DA:146,11
DA:162,2
DA:165,2
DA:167,2
DA:192,2
DA:193,2
DA:194,2
DA:196,2
DA:224,1
DA:233,5
DA:247,12
DA:248,12
DA:249,1
DA:251,11
DA:255,11
DA:262,1
DA:263,0
DA:265,1
DA:279,0
DA:290,0
DA:291,0
DA:295,0
DA:297,0
DA:301,0
DA:302,0
DA:306,0
DA:308,0
DA:312,0
DA:313,0
DA:314,0
DA:315,0
DA:318,0
LF:60
LH:43
BRDA:48,0,0,1
BRDA:48,0,1,11
BRDA:70,1,0,1
BRDA:70,1,1,11
BRDA:87,2,0,9
BRDA:87,2,1,2
BRDA:87,3,0,11
BRDA:87,3,1,9
BRDA:105,4,0,2
BRDA:105,4,1,9
BRDA:113,5,0,1
BRDA:113,5,1,1
BRDA:113,6,0,2
BRDA:113,6,1,1
BRDA:115,7,0,1
BRDA:115,7,1,0
BRDA:128,8,0,1
BRDA:128,8,1,10
BRDA:248,9,0,1
BRDA:248,9,1,11
BRDA:248,10,0,12
BRDA:248,10,1,1
BRDA:261,11,0,1
BRDA:262,12,0,0
BRDA:262,12,1,1
BRDA:312,13,0,0
BRDA:312,13,1,0
BRDA:312,14,0,0
BRDA:312,14,1,0
BRDA:314,15,0,0
BRDA:314,15,1,0
BRF:31
BRH:23
end_of_record
TN:
SF:src/services/StreakService.js
FN:34,(anonymous_0)
FN:51,(anonymous_1)
FN:92,(anonymous_2)
FN:156,(anonymous_3)
FN:168,(anonymous_4)
FN:183,(anonymous_5)
FN:209,(anonymous_6)
FN:229,(anonymous_7)
FN:232,(anonymous_8)
FN:257,(anonymous_9)
FN:279,(anonymous_10)
FNF:11
FNH:3
FNDA:4,(anonymous_0)
FNDA:1,(anonymous_1)
FNDA:3,(anonymous_2)
FNDA:0,(anonymous_3)
FNDA:0,(anonymous_4)
FNDA:0,(anonymous_5)
FNDA:0,(anonymous_6)
FNDA:0,(anonymous_7)
FNDA:0,(anonymous_8)
FNDA:0,(anonymous_9)
FNDA:0,(anonymous_10)
DA:14,1
DA:35,4
DA:36,0
DA:38,4
DA:52,1
DA:56,1
DA:57,0
DA:60,1
DA:62,1
DA:93,3
DA:94,3
DA:96,3
DA:102,3
DA:103,0
DA:106,3
DA:108,3
DA:109,1
DA:119,2
DA:157,0
DA:164,0
DA:165,0
DA:168,0
DA:184,0
DA:188,0
DA:189,0
DA:191,0
DA:194,0
DA:196,0
DA:197,0
DA:200,0
DA:210,0
DA:216,0
DA:217,0
DA:220,0
DA:230,0
DA:232,0
DA:234,0
DA:235,0
DA:236,0
DA:244,0
DA:259,0
DA:262,0
DA:268,0
DA:269,0
DA:273,0
DA:279,0
DA:281,0
LF:47
LH:15
BRDA:35,0,0,0
BRDA:35,0,1,4
BRDA:56,1,0,0
BRDA:56,1,1,1
BRDA:60,2,0,0
BRDA:60,2,1,1
BRDA:92,3,0,3
BRDA:93,4,0,3
BRDA:93,4,1,3
BRDA:94,5,0,3
BRDA:94,5,1,3
BRDA:102,6,0,0
BRDA:102,6,1,3
BRDA:106,7,0,0
BRDA:106,7,1,3
BRDA:108,8,0,1
BRDA:108,8,1,2
BRDA:156,9,0,0
BRDA:164,10,0,0
BRDA:164,10,1,0
BRDA:183,11,0,0
BRDA:188,12,0,0
BRDA:188,12,1,0
BRDA:196,13,0,0
BRDA:196,13,1,0
BRDA:196,14,0,0
BRDA:196,14,1,0
BRDA:200,15,0,0
BRDA:200,15,1,0
BRDA:209,16,0,0
BRDA:216,17,0,0
BRDA:216,17,1,0
BRDA:220,18,0,0
BRDA:220,18,1,0
BRDA:235,19,0,0
BRDA:235,19,1,0
BRDA:268,20,0,0
BRDA:268,20,1,0
BRDA:279,21,0,0
BRDA:279,21,1,0
BRDA:285,22,0,0
BRDA:285,22,1,0
BRDA:287,23,0,0
BRDA:287,23,1,0
BRF:44
BRH:12
end_of_record
TN:
SF:src/services/WalletService.js
FN:36,(anonymous_0)
FN:53,(anonymous_1)
FN:73,(anonymous_2)
FN:85,(anonymous_3)
FN:118,(anonymous_4)
FN:168,(anonymous_5)
FN:219,(anonymous_6)
FN:266,(anonymous_7)
FN:283,(anonymous_8)
FN:300,(anonymous_9)
FNF:10
FNH:6
FNDA:6,(anonymous_0)
FNDA:0,(anonymous_1)
FNDA:0,(anonymous_2)
FNDA:0,(anonymous_3)
FNDA:3,(anonymous_4)
FNDA:2,(anonymous_5)
FNDA:1,(anonymous_6)
FNDA:1,(anonymous_7)
FNDA:1,(anonymous_8)
FNDA:0,(anonymous_9)
DA:12,1
DA:37,6
DA:38,0
DA:40,6
DA:54,0
DA:60,0
DA:61,0
DA:64,0
DA:74,0
DA:75,0
DA:86,0
DA:93,0
DA:94,0
DA:96,0
DA:98,0
DA:99,0
DA:102,0
DA:119,3
DA:128,3
DA:129,0
DA:133,3
DA:135,3
DA:136,1
DA:143,2
DA:169,2
DA:178,2
DA:179,0
DA:182,2
DA:184,2
DA:185,1
DA:195,1
DA:220,1
DA:227,1
DA:228,0
DA:231,1
DA:233,1
DA:234,0
DA:241,1
DA:267,1
DA:284,1
DA:301,0
LF:41
LH:22
BRDA:37,0,0,0
BRDA:37,0,1,6
BRDA:60,1,0,0
BRDA:60,1,1,0
BRDA:60,2,0,0
BRDA:60,2,1,0
BRDA:75,3,0,0
BRDA:75,3,1,0
BRDA:85,4,0,0
BRDA:85,5,0,0
BRDA:85,6,0,0
BRDA:85,7,0,0
BRDA:85,8,0,0
BRDA:93,9,0,0
BRDA:93,9,1,0
BRDA:94,10,0,0
BRDA:94,10,1,0
BRDA:98,11,0,0
BRDA:98,11,1,0
BRDA:102,12,0,0
BRDA:102,12,1,0
BRDA:118,13,0,1
BRDA:123,14,0,3
BRDA:123,14,1,1
BRDA:124,15,0,3
BRDA:124,15,1,2
BRDA:125,16,0,3
BRDA:125,16,1,1
BRDA:128,17,0,0
BRDA:128,17,1,3
BRDA:133,18,0,0
BRDA:133,18,1,3
BRDA:135,19,0,1
BRDA:135,19,1,2
BRDA:168,20,0,1
BRDA:173,21,0,2
BRDA:173,21,1,1
BRDA:174,22,0,2
BRDA:174,22,1,1
BRDA:175,23,0,2
BRDA:175,23,1,1
BRDA:178,24,0,0
BRDA:178,24,1,2
BRDA:182,25,0,0
BRDA:182,25,1,2
BRDA:184,26,0,1
BRDA:184,26,1,1
BRDA:219,27,0,1
BRDA:227,28,0,0
BRDA:227,28,1,1
BRDA:231,29,0,0
BRDA:231,29,1,1
BRDA:233,30,0,0
BRDA:233,30,1,1
BRDA:283,31,0,0
BRDA:300,32,0,0
BRF:56
BRH:27
end_of_record
